<?xml version="1.0" encoding="UTF-8"?>
<testsuites name="logout testsuite" time="15.691" tests="1" failures="0" errors="0">
   <testsuite name="logout testsuite" tests="1" failures="0" errors="0" time="15.691" skipped="0" timestamp="16-01-2024T17:13:22" hostname="HarshJoshi - PSDLAP287" id="Test Suites/logout testsuite">
      <properties>
         <property name="deviceName" value=""/>
         <property name="devicePlatform" value=""/>
         <property name="logFolder" value="C:\\Users\\HarshJoshi\\git\\Caringdemo\\CaringConnections\\Reports\\20240116_171318\\logout testsuite\\20240116_171319"/>
         <property name="logFiles" value="C:\\Users\\HarshJoshi\\git\\Caringdemo\\CaringConnections\\Reports\\20240116_171318\\logout testsuite\\20240116_171319\\execution0.log"/>
         <property name="attachments" value=""/>
         <property name="hostName" value="HarshJoshi - PSDLAP287"/>
         <property name="os" value="Windows 10 64bit"/>
         <property name="katalonVersion" value="9.2.0.212"/>
         <property name="browser" value="Chrome 120.0.0.0"/>
         <property name="hostAddress" value="192.168.1.4"/>
         <property name="sessionId" value="bc36aea209fb8359eaf93d6b456befee"/>
         <property name="seleniumVersion" value="3.141.59"/>
         <property name="proxyInformation" value="ProxyInformation { proxyOption=NO_PROXY, proxyServerType=HTTP, username=, password=********, proxyServerAddress=, proxyServerPort=0, executionList=&quot;&quot;, isApplyToDesiredCapabilities=true }"/>
         <property name="platform" value="Windows 10"/>
      </properties>
      <testcase name="Test Cases/logout testcase/logout TC-01" time="15.538" classname="Test Cases/logout testcase/logout TC-01" status="PASSED">
         <system-out><![CDATA[16-01-2024T17:13:22 - [TEST_CASE][PASSED] - Test Cases/logout testcase/logout TC-01: Test Cases/logout testcase/logout TC-01

16-01-2024T17:13:22 - [TEST_STEP][PASSED] - openBrowser(""): Browser is opened with url: ''

16-01-2024T17:13:23 - [MESSAGE][INFO] - Starting 'Chrome' driver

16-01-2024T17:13:23 - [MESSAGE][INFO] - Action delay is set to 0 milliseconds

16-01-2024T17:13:24 - [MESSAGE][PASSED] - Browser is opened with url: ''

16-01-2024T17:13:24 - [TEST_STEP][PASSED] - navigateToUrl("https://caring-connections-qa.azurewebsites.net/"): Navigate to 'https://caring-connections-qa.azurewebsites.net/' successfully

16-01-2024T17:13:28 - [MESSAGE][PASSED] - Navigate to 'https://caring-connections-qa.azurewebsites.net/' successfully

16-01-2024T17:13:28 - [TEST_STEP][PASSED] - setText(findTestObject("Object Repository/logout testcase/Page_CaringConnections-v-1.17/input_username"), "harshjo2344@gmail.com"): Text 'harshjo2344@gmail.com' is set on object 'Object Repository/logout testcase/Page_CaringConnections-v-1.17/input_username'

16-01-2024T17:13:30 - [MESSAGE][PASSED] - Text 'harshjo2344@gmail.com' is set on object 'Object Repository/logout testcase/Page_CaringConnections-v-1.17/input_username'

16-01-2024T17:13:30 - [TEST_STEP][PASSED] - setEncryptedText(findTestObject("Object Repository/logout testcase/Page_CaringConnections-v-1.17/input_password"), "QmrIyMB454Sq0s0w1zzgnQ=="): Text ****** has been set on object 'Object Repository/logout testcase/Page_CaringConnections-v-1.17/input_password'

16-01-2024T17:13:30 - [MESSAGE][PASSED] - Text ****** has been set on object 'Object Repository/logout testcase/Page_CaringConnections-v-1.17/input_password'

16-01-2024T17:13:30 - [TEST_STEP][PASSED] - click(findTestObject("Object Repository/logout testcase/Page_CaringConnections-v-1.17/button_Sign In")): Object: 'Object Repository/logout testcase/Page_CaringConnections-v-1.17/button_Sign In' is clicked on

16-01-2024T17:13:33 - [MESSAGE][PASSED] - Object: 'Object Repository/logout testcase/Page_CaringConnections-v-1.17/button_Sign In' is clicked on

16-01-2024T17:13:33 - [TEST_STEP][PASSED] - verifyElementPresent(findTestObject("logout testcase/Page_CaringConnections-v-1.17/img"), 0): Object 'Object Repository/logout testcase/Page_CaringConnections-v-1.17/img' is present

16-01-2024T17:13:33 - [MESSAGE][WARNING] - Timeout '0' is invalid. Using default page load timeout: '30'

16-01-2024T17:13:37 - [MESSAGE][PASSED] - Object 'Object Repository/logout testcase/Page_CaringConnections-v-1.17/img' is present

16-01-2024T17:13:37 - [TEST_STEP][PASSED] - click(findTestObject("Object Repository/logout testcase/Page_CaringConnections-v-1.17/img")): Object: 'Object Repository/logout testcase/Page_CaringConnections-v-1.17/img' is clicked on

16-01-2024T17:13:37 - [MESSAGE][PASSED] - Object: 'Object Repository/logout testcase/Page_CaringConnections-v-1.17/img' is clicked on

16-01-2024T17:13:37 - [TEST_STEP][PASSED] - closeBrowser(): Browser is closed

16-01-2024T17:13:38 - [MESSAGE][PASSED] - Browser is closed]]></system-out>
         <system-err><![CDATA[]]></system-err>
      </testcase>
      <system-out><![CDATA[16-01-2024T17:13:22 - [TEST_SUITE][PASSED] - logout testsuite: Test Cases/logout testcase/logout TC-01]]></system-out>
      <system-err><![CDATA[]]></system-err>
   </testsuite>
</testsuites>
